This file contains any messages produced by compilers while
running configure, to aid debugging if configure makes a mistake.

It was created by configure, which was
generated by GNU Autoconf 2.65.  Invocation command line was

  $ ./configure 

## --------- ##
## Platform. ##
## --------- ##

hostname = keilx
uname -m = i686
uname -r = 2.6.38.8-l7-imq-esfq
uname -s = Linux
uname -v = #1 SMP Sat Mar 10 08:40:10 PET 2012

/usr/bin/uname -p = unknown
/bin/uname -X     = unknown

/bin/arch              = unknown
/usr/bin/arch -k       = unknown
/usr/convex/getsysinfo = unknown
/usr/bin/hostinfo      = unknown
/bin/machine           = unknown
/usr/bin/oslevel       = unknown
/bin/universe          = unknown

PATH: /usr/local/sbin
PATH: /usr/local/bin
PATH: /usr/sbin
PATH: /usr/bin
PATH: /sbin
PATH: /bin
PATH: /usr/games


## ----------- ##
## Core tests. ##
## ----------- ##

configure:2171: checking for g++
configure:2187: found /usr/bin/g++
configure:2198: result: g++
configure:2225: checking for C++ compiler version
configure:2234: g++ --version >&5
g++ (Ubuntu/Linaro 4.5.2-8ubuntu4) 4.5.2
Copyright (C) 2010 Free Software Foundation, Inc.
This is free software; see the source for copying conditions.  There is NO
warranty; not even for MERCHANTABILITY or FITNESS FOR A PARTICULAR PURPOSE.

configure:2245: $? = 0
configure:2234: g++ -v >&5
Using built-in specs.
COLLECT_GCC=g++
COLLECT_LTO_WRAPPER=/usr/lib/i386-linux-gnu/gcc/i686-linux-gnu/4.5.2/lto-wrapper
Target: i686-linux-gnu
Configured with: ../src/configure -v --with-pkgversion='Ubuntu/Linaro 4.5.2-8ubuntu4' --with-bugurl=file:///usr/share/doc/gcc-4.5/README.Bugs --enable-languages=c,c++,fortran,objc,obj-c++ --prefix=/usr --program-suffix=-4.5 --enable-shared --enable-multiarch --with-multiarch-defaults=i386-linux-gnu --enable-linker-build-id --with-system-zlib --libexecdir=/usr/lib/i386-linux-gnu --without-included-gettext --enable-threads=posix --with-gxx-include-dir=/usr/include/c++/4.5 --libdir=/usr/lib/i386-linux-gnu --enable-nls --with-sysroot=/ --enable-clocale=gnu --enable-libstdcxx-debug --enable-libstdcxx-time=yes --enable-plugin --enable-gold --enable-ld=default --with-plugin-ld=ld.gold --enable-objc-gc --enable-targets=all --disable-werror --with-arch-32=i686 --with-tune=generic --enable-checking=release --build=i686-linux-gnu --host=i686-linux-gnu --target=i686-linux-gnu
Thread model: posix
gcc version 4.5.2 (Ubuntu/Linaro 4.5.2-8ubuntu4) 
configure:2245: $? = 0
configure:2234: g++ -V >&5
g++: '-V' option must have argument
configure:2245: $? = 1
configure:2234: g++ -qversion >&5
g++: unrecognized option '-qversion'
g++: no input files
configure:2245: $? = 1
configure:2265: checking whether the C++ compiler works
configure:2287: g++    conftest.cpp  >&5
configure:2291: $? = 0
configure:2340: result: yes
configure:2343: checking for C++ compiler default output file name
configure:2345: result: a.out
configure:2351: checking for suffix of executables
configure:2358: g++ -o conftest    conftest.cpp  >&5
configure:2362: $? = 0
configure:2384: result: 
configure:2406: checking whether we are cross compiling
configure:2414: g++ -o conftest    conftest.cpp  >&5
configure:2418: $? = 0
configure:2425: ./conftest
configure:2429: $? = 0
configure:2444: result: no
configure:2449: checking for suffix of object files
configure:2471: g++ -c   conftest.cpp >&5
configure:2475: $? = 0
configure:2496: result: o
configure:2500: checking whether we are using the GNU C++ compiler
configure:2519: g++ -c   conftest.cpp >&5
configure:2519: $? = 0
configure:2528: result: yes
configure:2537: checking whether g++ accepts -g
configure:2557: g++ -c -g  conftest.cpp >&5
configure:2557: $? = 0
configure:2598: result: yes
configure:2658: checking for a BSD-compatible install
configure:2726: result: /usr/bin/install -c
configure:2753: checking for ar
configure:2769: found /usr/bin/ar
configure:2781: result: ar
configure:2796: checking for perl
configure:2812: found /usr/bin/perl
configure:2824: result: perl
configure:2881: checking for gcc
configure:2897: found /usr/bin/gcc
configure:2908: result: gcc
configure:3137: checking for C compiler version
configure:3146: gcc --version >&5
gcc (Ubuntu/Linaro 4.5.2-8ubuntu4) 4.5.2
Copyright (C) 2010 Free Software Foundation, Inc.
This is free software; see the source for copying conditions.  There is NO
warranty; not even for MERCHANTABILITY or FITNESS FOR A PARTICULAR PURPOSE.

configure:3157: $? = 0
configure:3146: gcc -v >&5
Using built-in specs.
COLLECT_GCC=gcc
COLLECT_LTO_WRAPPER=/usr/lib/i386-linux-gnu/gcc/i686-linux-gnu/4.5.2/lto-wrapper
Target: i686-linux-gnu
Configured with: ../src/configure -v --with-pkgversion='Ubuntu/Linaro 4.5.2-8ubuntu4' --with-bugurl=file:///usr/share/doc/gcc-4.5/README.Bugs --enable-languages=c,c++,fortran,objc,obj-c++ --prefix=/usr --program-suffix=-4.5 --enable-shared --enable-multiarch --with-multiarch-defaults=i386-linux-gnu --enable-linker-build-id --with-system-zlib --libexecdir=/usr/lib/i386-linux-gnu --without-included-gettext --enable-threads=posix --with-gxx-include-dir=/usr/include/c++/4.5 --libdir=/usr/lib/i386-linux-gnu --enable-nls --with-sysroot=/ --enable-clocale=gnu --enable-libstdcxx-debug --enable-libstdcxx-time=yes --enable-plugin --enable-gold --enable-ld=default --with-plugin-ld=ld.gold --enable-objc-gc --enable-targets=all --disable-werror --with-arch-32=i686 --with-tune=generic --enable-checking=release --build=i686-linux-gnu --host=i686-linux-gnu --target=i686-linux-gnu
Thread model: posix
gcc version 4.5.2 (Ubuntu/Linaro 4.5.2-8ubuntu4) 
configure:3157: $? = 0
configure:3146: gcc -V >&5
gcc: '-V' option must have argument
configure:3157: $? = 1
configure:3146: gcc -qversion >&5
gcc: unrecognized option '-qversion'
gcc: no input files
configure:3157: $? = 1
configure:3161: checking whether we are using the GNU C compiler
configure:3180: gcc -c   conftest.c >&5
configure:3180: $? = 0
configure:3189: result: yes
configure:3198: checking whether gcc accepts -g
configure:3218: gcc -c -g  conftest.c >&5
configure:3218: $? = 0
configure:3259: result: yes
configure:3276: checking for gcc option to accept ISO C89
configure:3340: gcc  -c -g -O2  conftest.c >&5
configure:3340: $? = 0
configure:3353: result: none needed
configure:3377: checking for initgroups
configure:3377: gcc -o conftest -g -O2   conftest.c  >&5
configure:3377: $? = 0
configure:3377: result: yes
configure:3377: checking for setgroups
configure:3377: gcc -o conftest -g -O2   conftest.c  >&5
configure:3377: $? = 0
configure:3377: result: yes
configure:3392: checking OS
configure:3399: result: Linux
configure:3423: checking for main in -lmysqlclient
configure:3442: gcc -o conftest -g -O2   conftest.c -lmysqlclient   >&5
configure:3442: $? = 0
configure:3451: result: yes
configure:3471: checking how to run the C preprocessor
configure:3502: gcc -E  conftest.c
configure:3502: $? = 0
configure:3516: gcc -E  conftest.c
conftest.c:12:28: fatal error: ac_nonexistent.h: No such file or directory
compilation terminated.
configure:3516: $? = 1
configure: failed program was:
| /* confdefs.h */
| #define PACKAGE_NAME ""
| #define PACKAGE_TARNAME ""
| #define PACKAGE_VERSION ""
| #define PACKAGE_STRING ""
| #define PACKAGE_BUGREPORT ""
| #define PACKAGE_URL ""
| #define HAVE_INITGROUPS 1
| #define HAVE_SETGROUPS 1
| #define HAVE_LIBMYSQLCLIENT 1
| /* end confdefs.h.  */
| #include <ac_nonexistent.h>
configure:3541: result: gcc -E
configure:3561: gcc -E  conftest.c
configure:3561: $? = 0
configure:3575: gcc -E  conftest.c
conftest.c:12:28: fatal error: ac_nonexistent.h: No such file or directory
compilation terminated.
configure:3575: $? = 1
configure: failed program was:
| /* confdefs.h */
| #define PACKAGE_NAME ""
| #define PACKAGE_TARNAME ""
| #define PACKAGE_VERSION ""
| #define PACKAGE_STRING ""
| #define PACKAGE_BUGREPORT ""
| #define PACKAGE_URL ""
| #define HAVE_INITGROUPS 1
| #define HAVE_SETGROUPS 1
| #define HAVE_LIBMYSQLCLIENT 1
| /* end confdefs.h.  */
| #include <ac_nonexistent.h>
configure:3604: checking for grep that handles long lines and -e
configure:3662: result: /bin/grep
configure:3667: checking for egrep
configure:3729: result: /bin/grep -E
configure:3734: checking for ANSI C header files
configure:3754: gcc -c -g -O2  conftest.c >&5
configure:3754: $? = 0
configure:3827: gcc -o conftest -g -O2   conftest.c -lmysqlclient  >&5
configure:3827: $? = 0
configure:3827: ./conftest
configure:3827: $? = 0
configure:3838: result: yes
configure:3851: checking for sys/types.h
configure:3851: gcc -c -g -O2  conftest.c >&5
configure:3851: $? = 0
configure:3851: result: yes
configure:3851: checking for sys/stat.h
configure:3851: gcc -c -g -O2  conftest.c >&5
configure:3851: $? = 0
configure:3851: result: yes
configure:3851: checking for stdlib.h
configure:3851: gcc -c -g -O2  conftest.c >&5
configure:3851: $? = 0
configure:3851: result: yes
configure:3851: checking for string.h
configure:3851: gcc -c -g -O2  conftest.c >&5
configure:3851: $? = 0
configure:3851: result: yes
configure:3851: checking for memory.h
configure:3851: gcc -c -g -O2  conftest.c >&5
configure:3851: $? = 0
configure:3851: result: yes
configure:3851: checking for strings.h
configure:3851: gcc -c -g -O2  conftest.c >&5
configure:3851: $? = 0
configure:3851: result: yes
configure:3851: checking for inttypes.h
configure:3851: gcc -c -g -O2  conftest.c >&5
configure:3851: $? = 0
configure:3851: result: yes
configure:3851: checking for stdint.h
configure:3851: gcc -c -g -O2  conftest.c >&5
configure:3851: $? = 0
configure:3851: result: yes
configure:3851: checking for unistd.h
configure:3851: gcc -c -g -O2  conftest.c >&5
configure:3851: $? = 0
configure:3851: result: yes
configure:3866: checking mysql/mysql.h usability
configure:3866: gcc -c -g -O2  conftest.c >&5
configure:3866: $? = 0
configure:3866: result: yes
configure:3866: checking mysql/mysql.h presence
configure:3866: gcc -E  conftest.c
configure:3866: $? = 0
configure:3866: result: yes
configure:3866: checking for mysql/mysql.h
configure:3866: result: yes
configure:4009: creating ./config.status

## ---------------------- ##
## Running config.status. ##
## ---------------------- ##

This file was extended by config.status, which was
generated by GNU Autoconf 2.65.  Invocation command line was

  CONFIG_FILES    = 
  CONFIG_HEADERS  = 
  CONFIG_LINKS    = 
  CONFIG_COMMANDS = 
  $ ./config.status 

on keilx

config.status:821: creating Makefile
config.status:821: creating haarp/Makefile
config.status:821: creating etc/haarp/haarp.conf
config.status:821: creating haarp/plugins/Makefile
config.status:821: creating haarp/default.h
config.status:987: haarp/default.h is unchanged

## ---------------- ##
## Cache variables. ##
## ---------------- ##

ac_cv_c_compiler_gnu=yes
ac_cv_cxx_compiler_gnu=yes
ac_cv_env_CCC_set=
ac_cv_env_CCC_value=
ac_cv_env_CC_set=
ac_cv_env_CC_value=
ac_cv_env_CFLAGS_set=
ac_cv_env_CFLAGS_value=
ac_cv_env_CPPFLAGS_set=
ac_cv_env_CPPFLAGS_value=
ac_cv_env_CPP_set=
ac_cv_env_CPP_value=
ac_cv_env_CXXFLAGS_set=
ac_cv_env_CXXFLAGS_value=
ac_cv_env_CXX_set=
ac_cv_env_CXX_value=
ac_cv_env_LDFLAGS_set=
ac_cv_env_LDFLAGS_value=
ac_cv_env_LIBS_set=
ac_cv_env_LIBS_value=
ac_cv_env_build_alias_set=
ac_cv_env_build_alias_value=
ac_cv_env_host_alias_set=
ac_cv_env_host_alias_value=
ac_cv_env_target_alias_set=
ac_cv_env_target_alias_value=
ac_cv_func_initgroups=yes
ac_cv_func_setgroups=yes
ac_cv_header_inttypes_h=yes
ac_cv_header_memory_h=yes
ac_cv_header_mysql_mysql_h=yes
ac_cv_header_stdc=yes
ac_cv_header_stdint_h=yes
ac_cv_header_stdlib_h=yes
ac_cv_header_string_h=yes
ac_cv_header_strings_h=yes
ac_cv_header_sys_stat_h=yes
ac_cv_header_sys_types_h=yes
ac_cv_header_unistd_h=yes
ac_cv_lib_mysqlclient=ac_cv_lib_mysqlclient_main
ac_cv_lib_mysqlclient_main=yes
ac_cv_objext=o
ac_cv_path_EGREP='/bin/grep -E'
ac_cv_path_GREP=/bin/grep
ac_cv_path_install='/usr/bin/install -c'
ac_cv_prog_AR=ar
ac_cv_prog_CPP='gcc -E'
ac_cv_prog_PERL=perl
ac_cv_prog_ac_ct_CC=gcc
ac_cv_prog_ac_ct_CXX=g++
ac_cv_prog_cc_c89=
ac_cv_prog_cc_g=yes
ac_cv_prog_cxx_g=yes

## ----------------- ##
## Output variables. ##
## ----------------- ##

AR='ar'
CC='gcc'
CFLAGS=' -Wall -O2 -lmysqlclient -ldl'
CPP='gcc -E'
CPPFLAGS=''
CXX='g++'
CXXFLAGS='-g -O2'
DEFS='-DHAVE_CONFIG_H'
ECHO_C=''
ECHO_N='-n'
ECHO_T=''
EGREP='/bin/grep -E'
EXEEXT=''
GREP='/bin/grep'
INSTALL_DATA='${INSTALL} -m 644'
INSTALL_PROGRAM='${INSTALL}'
INSTALL_SCRIPT='${INSTALL}'
LDFLAGS=' '
LIBOBJS=''
LIBS='-lmysqlclient '
LTLIBOBJS=''
OBJEXT='o'
PACKAGE_BUGREPORT=''
PACKAGE_NAME=''
PACKAGE_STRING=''
PACKAGE_TARNAME=''
PACKAGE_URL=''
PACKAGE_VERSION=''
PATH_SEPARATOR=':'
PERL='perl'
SCANNEROBJECTS=''
SHELL='/bin/bash'
ac_ct_CC='gcc'
ac_ct_CXX='g++'
bindir='${exec_prefix}/bin'
build_alias=''
datadir='${datarootdir}'
datarootdir='${prefix}/share'
docdir='${datarootdir}/doc/${PACKAGE}'
dvidir='${docdir}'
exec_prefix='${prefix}'
host_alias=''
htmldir='${docdir}'
includedir='${prefix}/include'
infodir='${datarootdir}/info'
libdir='${exec_prefix}/lib'
libexecdir='${exec_prefix}/libexec'
localedir='${datarootdir}/locale'
localstatedir='/var'
mandir='${datarootdir}/man'
oldincludedir='/usr/include'
pdfdir='${docdir}'
prefix='/usr/local'
program_transform_name='s,x,x,'
psdir='${docdir}'
sbindir='${exec_prefix}/sbin'
sharedstatedir='${prefix}/com'
sysconfdir='/etc'
target_alias=''

## ----------- ##
## confdefs.h. ##
## ----------- ##

/* confdefs.h */
#define PACKAGE_NAME ""
#define PACKAGE_TARNAME ""
#define PACKAGE_VERSION ""
#define PACKAGE_STRING ""
#define PACKAGE_BUGREPORT ""
#define PACKAGE_URL ""
#define HAVE_INITGROUPS 1
#define HAVE_SETGROUPS 1
#define HAVE_LIBMYSQLCLIENT 1
#define STDC_HEADERS 1
#define HAVE_SYS_TYPES_H 1
#define HAVE_SYS_STAT_H 1
#define HAVE_STDLIB_H 1
#define HAVE_STRING_H 1
#define HAVE_MEMORY_H 1
#define HAVE_STRINGS_H 1
#define HAVE_INTTYPES_H 1
#define HAVE_STDINT_H 1
#define HAVE_UNISTD_H 1
#define HAVE_MYSQL_MYSQL_H 1
#define CONFIGFILE "/etc/haarp/haarp.conf"
#define ACCESSLOG "/var/log/haarp/access.log"
#define ERRORLOG "/var/log/haarp/error.log"
#define PIDFILE "/var/run/haarp/haarp.pid"

configure: exit 0
