http.*\.4shared\.com.*(\.exe|\.iso|\.torrent|\.zip|\.rar|\.pdf|\.doc|\.tar|\.mp3|\.mp4|\.avi|\.wmv)
http.*\.avast\.com.*(\.def|\.vpu|\.vpaa|\.stamp)
http.*(\.avg\.com|\.grisoft\.com|\.grisoft\.cz).*(\.bin|\.exe)
http.*(\.avgate\.com|\.avgate\.net|\.freeav\.net|\.freeav\.com).*(\.gz)
http.*\.bitgravity\.com.*(\.flv\.mp4)
http.*\.etrustdownloads\.ca\.com.*(\.tar|\.zip|\.exe|\.pkg)
http.*flashvideo\.globo\.com.*(\.mp4|\.flv)
http.{1,4}vsh\.r7\.com\/.*(\.mp4)$
74\.125\.(25[0-5]|2[0-4][0-9]|[01]?[0-9][0-9]?)\.(25[0-5]|2[0-4][0-9]|[01]?[0-9][0-9]?)
#http.*\.googlevideo\.com.*videoplayback
#http.*fpatch\.grandchase\.com\.br.*(\.kom|\.mkom|\.mp3)
http.*(\.kaspersky-labs\.com|\.geo\.kaspersky\.com|kasperskyusa\.com).*(\.avc|\.kdc|\.klz|\.bz2|\.dat|\.dif)
#http.*\.mccont\.com.*\.flv
http.*\.metacafe\.com.*\.flv
http.{1,4}media\w*\.justin.tv\/archives\/(\w|\/|-)*\.flv(\?.*|$)
##http.*(\.windowsupdate\.com|(\.microsoft\.com)).*(\.cab|\.exe|\.iso|\.zip|\.psf)
http.*(\.windowsupdate\.com|(update|download|dlservice|windowsupdate)\.microsoft\.com)\/.*(\.cab|\.exe|\.iso|\.zip|\.psf|\.txt|\.crt)$
http.*\.pornotube\.com.*\.flv
http.*\.terra\.com.*\.flv
#http.*uol\.com\.br.*\.flv
http.*\.viddler\.com.*\.flv
#http.*\.video\.msn\.com.*\.flv
http.*(porn|img).*\.xvideos\.com\/videos\/(thumbs\/)?.*(\.jpg|\.flv\?.*|\.mp4\?.*)$
http.*\.youtube\.com.*videoplayback\?
http.*\.ziddu\.com.*(\.exe|\.iso|\.torrent|\.zip|\.rar|\.pdf|\.doc|\.tar|\.mp3|\.mp4|\.avi|\.wmv)
http.*edgecastcdn\.net/.*(\.mp4|\.flv)
http.*adobe\.com/.*(\.cab|\.aup|\.exe|\.msi|\.upd|\.msp)
http.*\.eset\.com.*\.nup
http.*\.nai\.com.*(\.zip|\.tar|\.exe|\.gem)
http.*\.pop6\.com.*(\.flv)
http.*\.symantecliveupdate\.com.*(\.zip|\.exe)
#http.*\.xpg\.com\.br.*
http.{1,4}\w*\.ytimg\.com.*(hqdefault(\.jpg|\.mp4)$|M[0-9]+\.jpg\?sigh=)
http.{1,4}\w*google(\.\w|\w)*\.doubleclick\.net\/pagead\/ads\?.*
http.*img[0-9]\.submanga\.com\/(hd)?pages\/.*(\.jpg|\.webp)
http.*(s?photos|video).{0,5}\.ak\.fbcdn\.net\/.*(\.mp4\?.*|\_n\.jpg$|\.mp4$)
http.*\.video\.pornhub\.\w*\.com\/videos\/.*\.flv\?.*
http.*\.(publicvideo|publicphoto)\.xtube\.com\/(videowall\/)?videos?\/.*(\.flv\?.*|\_Thumb\.flv$)
http.*public\.tube8\.com\/.*\.mp4.*
http.*videos\..*\.redtubefiles\.com\/.*\.flv
(205\.196\.|199\.91\.)[0-9]{2,3}\.[0-9]{1,3}\/.*\.[a-zA-Z]{1,7}$
#http.*\.rapidshare\.com\/cgi-bin\/.*\.cgi\?.*sub=download
http.*\.vimeo.com\/.*\.mp4(\?.*)?$
http.*images\.orkut\.com\/orkut\/photos\/.*\.jpg$
